2020-12-28 15:03:45.963  INFO 21578 --- [restartedMain] c.a.p.a.a.PhotoAppApiAlbumsApplication   : No active profile set, falling back to default profiles: default
2020-12-28 15:03:46.818  WARN 21578 --- [restartedMain] o.s.boot.actuate.endpoint.EndpointId     : Endpoint ID 'service-registry' contains invalid characters, please migrate to a valid format.
2020-12-28 15:03:46.916  INFO 21578 --- [restartedMain] o.s.cloud.context.scope.GenericScope     : BeanFactory id=af28d884-c104-39d1-bdbd-a6a90638ecb8
2020-12-28 15:03:47.301  INFO 21578 --- [restartedMain] o.s.b.w.embedded.tomcat.TomcatWebServer  : Tomcat initialized with port(s): 0 (http)
2020-12-28 15:03:47.307  INFO 21578 --- [restartedMain] o.apache.catalina.core.StandardService   : Starting service [Tomcat]
2020-12-28 15:03:47.307  INFO 21578 --- [restartedMain] org.apache.catalina.core.StandardEngine  : Starting Servlet engine: [Apache Tomcat/9.0.41]
2020-12-28 15:03:47.360  INFO 21578 --- [restartedMain] o.a.c.c.C.[Tomcat].[localhost].[/]       : Initializing Spring embedded WebApplicationContext
2020-12-28 15:03:47.361  INFO 21578 --- [restartedMain] w.s.c.ServletWebServerApplicationContext : Root WebApplicationContext: initialization completed in 1374 ms
2020-12-28 15:03:47.424  WARN 21578 --- [restartedMain] c.n.c.sources.URLConfigurationSource     : No URLs will be polled as dynamic configuration sources.
2020-12-28 15:03:47.424  INFO 21578 --- [restartedMain] c.n.c.sources.URLConfigurationSource     : To enable URLs as dynamic configuration sources, define System property archaius.configurationSource.additionalUrls or make config.properties available on classpath.
2020-12-28 15:03:47.438  INFO 21578 --- [restartedMain] c.netflix.config.DynamicPropertyFactory  : DynamicPropertyFactory is initialized with configuration sources: com.netflix.config.ConcurrentCompositeConfiguration@5a649a2
2020-12-28 15:03:47.513  WARN 21578 --- [restartedMain] c.n.c.sources.URLConfigurationSource     : No URLs will be polled as dynamic configuration sources.
2020-12-28 15:03:47.514  INFO 21578 --- [restartedMain] c.n.c.sources.URLConfigurationSource     : To enable URLs as dynamic configuration sources, define System property archaius.configurationSource.additionalUrls or make config.properties available on classpath.
2020-12-28 15:03:47.629  INFO 21578 --- [restartedMain] o.s.s.concurrent.ThreadPoolTaskExecutor  : Initializing ExecutorService 'applicationTaskExecutor'
2020-12-28 15:03:48.047  WARN 21578 --- [restartedMain] o.s.b.d.a.OptionalLiveReloadServer       : Unable to start LiveReload server
2020-12-28 15:03:48.138  INFO 21578 --- [restartedMain] DiscoveryClientOptionalArgsConfiguration : Eureka HTTP Client uses Jersey
2020-12-28 15:03:48.161  WARN 21578 --- [restartedMain] ockingLoadBalancerClientRibbonWarnLogger : You already have RibbonLoadBalancerClient on your classpath. It will be used by default. As Spring Cloud Ribbon is in maintenance mode. We recommend switching to BlockingLoadBalancerClient instead. In order to use it, set the value of `spring.cloud.loadbalancer.ribbon.enabled` to `false` or remove spring-cloud-starter-netflix-ribbon from your project.
2020-12-28 15:03:48.197  INFO 21578 --- [restartedMain] o.s.b.a.e.web.EndpointLinksResolver      : Exposing 2 endpoint(s) beneath base path '/actuator'
2020-12-28 15:03:48.272  INFO 21578 --- [restartedMain] o.s.b.w.embedded.tomcat.TomcatWebServer  : Tomcat started on port(s): 41125 (http) with context path ''
2020-12-28 15:03:48.274  INFO 21578 --- [restartedMain] .s.c.n.e.s.EurekaAutoServiceRegistration : Updating port to 41125
2020-12-28 15:03:48.277  INFO 21578 --- [restartedMain] o.s.c.n.eureka.InstanceInfoFactory       : Setting initial instance status as: STARTING
2020-12-28 15:03:48.296  INFO 21578 --- [restartedMain] com.netflix.discovery.DiscoveryClient    : Initializing Eureka in region us-east-1
2020-12-28 15:03:48.402  INFO 21578 --- [restartedMain] c.n.d.provider.DiscoveryJerseyProvider   : Using JSON encoding codec LegacyJacksonJson
2020-12-28 15:03:48.402  INFO 21578 --- [restartedMain] c.n.d.provider.DiscoveryJerseyProvider   : Using JSON decoding codec LegacyJacksonJson
2020-12-28 15:03:48.475  INFO 21578 --- [restartedMain] c.n.d.provider.DiscoveryJerseyProvider   : Using XML encoding codec XStreamXml
2020-12-28 15:03:48.475  INFO 21578 --- [restartedMain] c.n.d.provider.DiscoveryJerseyProvider   : Using XML decoding codec XStreamXml
2020-12-28 15:03:48.581  INFO 21578 --- [restartedMain] c.n.d.s.r.aws.ConfigClusterResolver      : Resolving eureka endpoints via configuration
2020-12-28 15:03:48.592  INFO 21578 --- [restartedMain] com.netflix.discovery.DiscoveryClient    : Disable delta property : false
2020-12-28 15:03:48.592  INFO 21578 --- [restartedMain] com.netflix.discovery.DiscoveryClient    : Single vip registry refresh property : null
2020-12-28 15:03:48.592  INFO 21578 --- [restartedMain] com.netflix.discovery.DiscoveryClient    : Force full registry fetch : false
2020-12-28 15:03:48.592  INFO 21578 --- [restartedMain] com.netflix.discovery.DiscoveryClient    : Application is null : false
2020-12-28 15:03:48.592  INFO 21578 --- [restartedMain] com.netflix.discovery.DiscoveryClient    : Registered Applications size is zero : true
2020-12-28 15:03:48.592  INFO 21578 --- [restartedMain] com.netflix.discovery.DiscoveryClient    : Application version is -1: true
2020-12-28 15:03:48.592  INFO 21578 --- [restartedMain] com.netflix.discovery.DiscoveryClient    : Getting all instance registry info from the eureka server
2020-12-28 15:03:48.692  INFO 21578 --- [restartedMain] com.netflix.discovery.DiscoveryClient    : The response status is 200
2020-12-28 15:03:48.694  INFO 21578 --- [restartedMain] com.netflix.discovery.DiscoveryClient    : Starting heartbeat executor: renew interval is: 30
2020-12-28 15:03:48.696  INFO 21578 --- [restartedMain] c.n.discovery.InstanceInfoReplicator     : InstanceInfoReplicator onDemand update allowed rate per min is 4
2020-12-28 15:03:48.700  INFO 21578 --- [restartedMain] com.netflix.discovery.DiscoveryClient    : Discovery Client initialized at timestamp 1609139028699 with initial instances count: 2
2020-12-28 15:03:48.701  INFO 21578 --- [restartedMain] o.s.c.n.e.s.EurekaServiceRegistry        : Registering application ALBUMS-WS with eureka with status UP
2020-12-28 15:03:48.701  INFO 21578 --- [restartedMain] com.netflix.discovery.DiscoveryClient    : Saw local status change event StatusChangeEvent [timestamp=1609139028701, current=UP, previous=STARTING]
2020-12-28 15:03:48.703  INFO 21578 --- [DiscoveryClient-InstanceInfoReplicator-0] com.netflix.discovery.DiscoveryClient    : DiscoveryClient_ALBUMS-WS/albums-ws:52302bdd7818c36739d2bb288ffcd5c8: registering service...
2020-12-28 15:03:48.725  INFO 21578 --- [DiscoveryClient-InstanceInfoReplicator-0] com.netflix.discovery.DiscoveryClient    : DiscoveryClient_ALBUMS-WS/albums-ws:52302bdd7818c36739d2bb288ffcd5c8 - registration status: 204
2020-12-28 15:03:48.789  INFO 21578 --- [restartedMain] c.a.p.a.a.PhotoAppApiAlbumsApplication   : Started PhotoAppApiAlbumsApplication in 3.898 seconds (JVM running for 4.595)
2020-12-28 15:03:49.045  INFO 21578 --- [RMI TCP Connection(5)-127.0.0.1] o.a.c.c.C.[Tomcat].[localhost].[/]       : Initializing Spring DispatcherServlet 'dispatcherServlet'
2020-12-28 15:03:49.045  INFO 21578 --- [RMI TCP Connection(5)-127.0.0.1] o.s.web.servlet.DispatcherServlet        : Initializing Servlet 'dispatcherServlet'
2020-12-28 15:03:49.052  INFO 21578 --- [RMI TCP Connection(5)-127.0.0.1] o.s.web.servlet.DispatcherServlet        : Completed initialization in 7 ms
