2020-12-28 15:03:42.064  INFO [users-ws,,,] 21483 --- [restartedMain] c.c.c.ConfigServicePropertySourceLocator : Fetching config from server at : http://localhost:8012
2020-12-28 15:03:42.321  INFO [users-ws,,,] 21483 --- [restartedMain] c.c.c.ConfigServicePropertySourceLocator : Located environment: name=users-ws, profiles=[default], label=null, version=null, state=null
2020-12-28 15:03:42.323  INFO [users-ws,,,] 21483 --- [restartedMain] b.c.PropertySourceBootstrapConfiguration : Located property source: [BootstrapPropertySource {name='bootstrapProperties-file:///home/xuzishuo1996/eClass/local-config-and-encryption-microservices/local-config-server/users-ws.properties'}, BootstrapPropertySource {name='bootstrapProperties-file:///home/xuzishuo1996/eClass/local-config-and-encryption-microservices/local-config-server/application.properties'}]
2020-12-28 15:03:42.365  INFO [users-ws,,,] 21483 --- [restartedMain] c.a.p.a.u.PhotoAppApiUsersApplication    : No active profile set, falling back to default profiles: default
2020-12-28 15:03:43.403  WARN [users-ws,,,] 21483 --- [restartedMain] o.s.boot.actuate.endpoint.EndpointId     : Endpoint ID 'bus-env' contains invalid characters, please migrate to a valid format.
2020-12-28 15:03:43.627  INFO [users-ws,,,] 21483 --- [restartedMain] .s.d.r.c.RepositoryConfigurationDelegate : Bootstrapping Spring Data JPA repositories in DEFAULT mode.
2020-12-28 15:03:43.685  INFO [users-ws,,,] 21483 --- [restartedMain] .s.d.r.c.RepositoryConfigurationDelegate : Finished Spring Data repository scanning in 51ms. Found 1 JPA repository interfaces.
2020-12-28 15:03:43.782  WARN [users-ws,,,] 21483 --- [restartedMain] o.s.boot.actuate.endpoint.EndpointId     : Endpoint ID 'bus-refresh' contains invalid characters, please migrate to a valid format.
2020-12-28 15:03:43.865  WARN [users-ws,,,] 21483 --- [restartedMain] o.s.boot.actuate.endpoint.EndpointId     : Endpoint ID 'service-registry' contains invalid characters, please migrate to a valid format.
2020-12-28 15:03:44.004  WARN [users-ws,,,] 21483 --- [restartedMain] o.s.boot.actuate.endpoint.EndpointId     : Endpoint ID 'hystrix.stream' contains invalid characters, please migrate to a valid format.
2020-12-28 15:03:44.303  INFO [users-ws,,,] 21483 --- [restartedMain] o.s.cloud.context.scope.GenericScope     : BeanFactory id=12c34ece-a41f-3205-9b93-d3269ba101ad
2020-12-28 15:03:44.347  INFO [users-ws,,,] 21483 --- [restartedMain] faultConfiguringBeanFactoryPostProcessor : No bean named 'errorChannel' has been explicitly defined. Therefore, a default PublishSubscribeChannel will be created.
2020-12-28 15:03:44.355  INFO [users-ws,,,] 21483 --- [restartedMain] faultConfiguringBeanFactoryPostProcessor : No bean named 'taskScheduler' has been explicitly defined. Therefore, a default ThreadPoolTaskScheduler will be created.
2020-12-28 15:03:44.361  INFO [users-ws,,,] 21483 --- [restartedMain] faultConfiguringBeanFactoryPostProcessor : No bean named 'integrationHeaderChannelRegistry' has been explicitly defined. Therefore, a default DefaultHeaderChannelRegistry will be created.
2020-12-28 15:03:44.713  INFO [users-ws,,,] 21483 --- [restartedMain] trationDelegate$BeanPostProcessorChecker : Bean 'integrationChannelResolver' of type [org.springframework.integration.support.channel.BeanFactoryChannelResolver] is not eligible for getting processed by all BeanPostProcessors (for example: not eligible for auto-proxying)
2020-12-28 15:03:44.720  INFO [users-ws,,,] 21483 --- [restartedMain] trationDelegate$BeanPostProcessorChecker : Bean 'integrationDisposableAutoCreatedBeans' of type [org.springframework.integration.config.annotation.Disposables] is not eligible for getting processed by all BeanPostProcessors (for example: not eligible for auto-proxying)
2020-12-28 15:03:44.775  INFO [users-ws,,,] 21483 --- [restartedMain] trationDelegate$BeanPostProcessorChecker : Bean 'org.springframework.integration.config.IntegrationManagementConfiguration' of type [org.springframework.integration.config.IntegrationManagementConfiguration] is not eligible for getting processed by all BeanPostProcessors (for example: not eligible for auto-proxying)
2020-12-28 15:03:44.797  INFO [users-ws,,,] 21483 --- [restartedMain] trationDelegate$BeanPostProcessorChecker : Bean 'org.springframework.boot.autoconfigure.integration.IntegrationAutoConfiguration$IntegrationJmxConfiguration' of type [org.springframework.boot.autoconfigure.integration.IntegrationAutoConfiguration$IntegrationJmxConfiguration] is not eligible for getting processed by all BeanPostProcessors (for example: not eligible for auto-proxying)
2020-12-28 15:03:44.812  INFO [users-ws,,,] 21483 --- [restartedMain] trationDelegate$BeanPostProcessorChecker : Bean 'org.springframework.boot.autoconfigure.jmx.JmxAutoConfiguration' of type [org.springframework.boot.autoconfigure.jmx.JmxAutoConfiguration] is not eligible for getting processed by all BeanPostProcessors (for example: not eligible for auto-proxying)
2020-12-28 15:03:44.820  INFO [users-ws,,,] 21483 --- [restartedMain] trationDelegate$BeanPostProcessorChecker : Bean 'mbeanServer' of type [com.sun.jmx.mbeanserver.JmxMBeanServer] is not eligible for getting processed by all BeanPostProcessors (for example: not eligible for auto-proxying)
2020-12-28 15:03:45.688  INFO [users-ws,,,] 21483 --- [restartedMain] o.s.b.w.embedded.tomcat.TomcatWebServer  : Tomcat initialized with port(s): 0 (http)
2020-12-28 15:03:45.699  INFO [users-ws,,,] 21483 --- [restartedMain] o.apache.catalina.core.StandardService   : Starting service [Tomcat]
2020-12-28 15:03:45.699  INFO [users-ws,,,] 21483 --- [restartedMain] org.apache.catalina.core.StandardEngine  : Starting Servlet engine: [Apache Tomcat/9.0.41]
2020-12-28 15:03:45.814  INFO [users-ws,,,] 21483 --- [restartedMain] o.a.c.c.C.[Tomcat].[localhost].[/]       : Initializing Spring embedded WebApplicationContext
2020-12-28 15:03:45.815  INFO [users-ws,,,] 21483 --- [restartedMain] w.s.c.ServletWebServerApplicationContext : Root WebApplicationContext: initialization completed in 3432 ms
2020-12-28 15:03:46.066  WARN [users-ws,,,] 21483 --- [restartedMain] c.n.c.sources.URLConfigurationSource     : No URLs will be polled as dynamic configuration sources.
2020-12-28 15:03:46.066  INFO [users-ws,,,] 21483 --- [restartedMain] c.n.c.sources.URLConfigurationSource     : To enable URLs as dynamic configuration sources, define System property archaius.configurationSource.additionalUrls or make config.properties available on classpath.
2020-12-28 15:03:46.075  INFO [users-ws,,,] 21483 --- [restartedMain] c.netflix.config.DynamicPropertyFactory  : DynamicPropertyFactory is initialized with configuration sources: com.netflix.config.ConcurrentCompositeConfiguration@5fd84867
2020-12-28 15:03:46.199  INFO [users-ws,,,] 21483 --- [restartedMain] com.zaxxer.hikari.HikariDataSource       : HikariPool-1 - Starting...
2020-12-28 15:03:46.565  INFO [users-ws,,,] 21483 --- [restartedMain] com.zaxxer.hikari.HikariDataSource       : HikariPool-1 - Start completed.
2020-12-28 15:03:46.574  INFO [users-ws,,,] 21483 --- [restartedMain] o.s.b.a.h2.H2ConsoleAutoConfiguration    : H2 console available at '/h2-console'. Database available at 'jdbc:mysql://localhost:3306/photo_app'
2020-12-28 15:03:47.111  WARN [users-ws,,,] 21483 --- [restartedMain] o.s.c.s.zipkin2.ZipkinAutoConfiguration  : Check result of the [RestTemplateSender{http://localhost:9411/api/v2/spans}] contains an error [CheckResult{ok=false, error=org.springframework.web.client.ResourceAccessException: I/O error on POST request for "http://localhost:9411/api/v2/spans": Connection refused (Connection refused); nested exception is java.net.ConnectException: Connection refused (Connection refused)}]
2020-12-28 15:03:48.012  INFO [users-ws,,,] 21483 --- [restartedMain] o.s.s.c.ThreadPoolTaskScheduler          : Initializing ExecutorService 'taskScheduler'
2020-12-28 15:03:48.440  INFO [users-ws,,,] 21483 --- [restartedMain] o.hibernate.jpa.internal.util.LogHelper  : HHH000204: Processing PersistenceUnitInfo [name: default]
2020-12-28 15:03:48.474  INFO [users-ws,,,] 21483 --- [restartedMain] org.hibernate.Version                    : HHH000412: Hibernate ORM core version 5.4.25.Final
2020-12-28 15:03:48.557  INFO [users-ws,,,] 21483 --- [restartedMain] o.hibernate.annotations.common.Version   : HCANN000001: Hibernate Commons Annotations {5.1.2.Final}
2020-12-28 15:03:48.638  INFO [users-ws,,,] 21483 --- [restartedMain] org.hibernate.dialect.Dialect            : HHH000400: Using dialect: org.hibernate.dialect.MySQL8Dialect
2020-12-28 15:03:49.132  INFO [users-ws,,,] 21483 --- [restartedMain] o.h.e.t.j.p.i.JtaPlatformInitiator       : HHH000490: Using JtaPlatform implementation: [org.hibernate.engine.transaction.jta.platform.internal.NoJtaPlatform]
2020-12-28 15:03:49.138  INFO [users-ws,,,] 21483 --- [restartedMain] j.LocalContainerEntityManagerFactoryBean : Initialized JPA EntityManagerFactory for persistence unit 'default'
2020-12-28 15:03:49.184  WARN [users-ws,,,] 21483 --- [restartedMain] o.s.b.d.a.OptionalLiveReloadServer       : Unable to start LiveReload server
2020-12-28 15:03:49.553  WARN [users-ws,,,] 21483 --- [restartedMain] JpaBaseConfiguration$JpaWebConfiguration : spring.jpa.open-in-view is enabled by default. Therefore, database queries may be performed during view rendering. Explicitly configure spring.jpa.open-in-view to disable this warning
2020-12-28 15:03:49.872  INFO [users-ws,,,] 21483 --- [restartedMain] o.s.s.web.DefaultSecurityFilterChain     : Creating filter chain: any request, [org.springframework.security.web.context.request.async.WebAsyncManagerIntegrationFilter@2b06991d, org.springframework.security.web.context.SecurityContextPersistenceFilter@cd9437, org.springframework.security.web.header.HeaderWriterFilter@2cba081b, org.springframework.security.web.authentication.logout.LogoutFilter@21ba04a1, com.appsdeveloperblog.photoapp.api.users.security.AuthenticationFilter@922a927, org.springframework.security.web.savedrequest.RequestCacheAwareFilter@598654b3, org.springframework.security.web.servletapi.SecurityContextHolderAwareRequestFilter@4f808d5f, org.springframework.security.web.authentication.AnonymousAuthenticationFilter@15767eac, org.springframework.security.web.session.SessionManagementFilter@5126f43c, org.springframework.security.web.access.ExceptionTranslationFilter@5ded0e3e, org.springframework.security.web.access.intercept.FilterSecurityInterceptor@5f4650ca]
2020-12-28 15:03:49.910  WARN [users-ws,,,] 21483 --- [restartedMain] c.n.c.sources.URLConfigurationSource     : No URLs will be polled as dynamic configuration sources.
2020-12-28 15:03:49.911  INFO [users-ws,,,] 21483 --- [restartedMain] c.n.c.sources.URLConfigurationSource     : To enable URLs as dynamic configuration sources, define System property archaius.configurationSource.additionalUrls or make config.properties available on classpath.
2020-12-28 15:03:50.074  INFO [users-ws,,,] 21483 --- [restartedMain] o.s.s.concurrent.ThreadPoolTaskExecutor  : Initializing ExecutorService 'applicationTaskExecutor'
2020-12-28 15:03:50.471  INFO [users-ws,,,] 21483 --- [restartedMain] onConfiguration$FunctionBindingRegistrar : Functional binding is disabled due to the presense of @EnableBinding annotation in your configuration
2020-12-28 15:03:50.786  INFO [users-ws,,,] 21483 --- [restartedMain] DiscoveryClientOptionalArgsConfiguration : Eureka HTTP Client uses Jersey
2020-12-28 15:03:50.923  WARN [users-ws,,,] 21483 --- [restartedMain] ockingLoadBalancerClientRibbonWarnLogger : You already have RibbonLoadBalancerClient on your classpath. It will be used by default. As Spring Cloud Ribbon is in maintenance mode. We recommend switching to BlockingLoadBalancerClient instead. In order to use it, set the value of `spring.cloud.loadbalancer.ribbon.enabled` to `false` or remove spring-cloud-starter-netflix-ribbon from your project.
2020-12-28 15:03:51.138  INFO [users-ws,,,] 21483 --- [restartedMain] o.s.b.a.e.web.EndpointLinksResolver      : Exposing 1 endpoint(s) beneath base path '/actuator'
2020-12-28 15:03:51.286  INFO [users-ws,,,] 21483 --- [restartedMain] o.s.c.s.m.DirectWithAttributesChannel    : Channel 'application-1.springCloudBusInput' has 1 subscriber(s).
2020-12-28 15:03:51.389  INFO [users-ws,,,] 21483 --- [restartedMain] o.s.i.monitor.IntegrationMBeanExporter   : Registering MessageChannel errorChannel
2020-12-28 15:03:51.463  INFO [users-ws,,,] 21483 --- [restartedMain] o.s.i.monitor.IntegrationMBeanExporter   : Registering MessageChannel springCloudBusInput
2020-12-28 15:03:51.493  INFO [users-ws,,,] 21483 --- [restartedMain] o.s.i.monitor.IntegrationMBeanExporter   : Registering MessageChannel nullChannel
2020-12-28 15:03:51.505  INFO [users-ws,,,] 21483 --- [restartedMain] o.s.i.monitor.IntegrationMBeanExporter   : Registering MessageChannel springCloudBusOutput
2020-12-28 15:03:51.519  INFO [users-ws,,,] 21483 --- [restartedMain] o.s.i.monitor.IntegrationMBeanExporter   : Registering MessageHandler org.springframework.cloud.stream.binding.StreamListenerMessageHandler@7efdc217
2020-12-28 15:03:51.584  INFO [users-ws,,,] 21483 --- [restartedMain] o.s.i.monitor.IntegrationMBeanExporter   : Registering MessageHandler errorLogger
2020-12-28 15:03:51.616  INFO [users-ws,,,] 21483 --- [restartedMain] o.s.i.endpoint.EventDrivenConsumer       : Adding {logging-channel-adapter:_org.springframework.integration.errorLogger} as a subscriber to the 'errorChannel' channel
2020-12-28 15:03:51.616  INFO [users-ws,,,] 21483 --- [restartedMain] o.s.i.channel.PublishSubscribeChannel    : Channel 'application-1.errorChannel' has 1 subscriber(s).
2020-12-28 15:03:51.616  INFO [users-ws,,,] 21483 --- [restartedMain] o.s.i.endpoint.EventDrivenConsumer       : started bean '_org.springframework.integration.errorLogger'
2020-12-28 15:03:51.618  INFO [users-ws,,,] 21483 --- [restartedMain] o.s.c.s.binder.DefaultBinderFactory      : Creating binder: rabbit
2020-12-28 15:03:51.785  INFO [users-ws,,,] 21483 --- [restartedMain] c.c.c.ConfigServicePropertySourceLocator : Fetching config from server at : http://localhost:8012
2020-12-28 15:03:51.926  INFO [users-ws,,,] 21483 --- [restartedMain] c.c.c.ConfigServicePropertySourceLocator : Located environment: name=users-ws, profiles=[default], label=null, version=null, state=null
2020-12-28 15:03:51.926  INFO [users-ws,,,] 21483 --- [restartedMain] b.c.PropertySourceBootstrapConfiguration : Located property source: [BootstrapPropertySource {name='bootstrapProperties-file:///home/xuzishuo1996/eClass/local-config-and-encryption-microservices/local-config-server/users-ws.properties'}, BootstrapPropertySource {name='bootstrapProperties-file:///home/xuzishuo1996/eClass/local-config-and-encryption-microservices/local-config-server/application.properties'}]
2020-12-28 15:03:52.010  INFO [users-ws,,,] 21483 --- [restartedMain] o.s.c.s.binder.DefaultBinderFactory      : Caching the binder: rabbit
2020-12-28 15:03:52.010  INFO [users-ws,,,] 21483 --- [restartedMain] o.s.c.s.binder.DefaultBinderFactory      : Retrieving cached binder: rabbit
2020-12-28 15:03:52.085  INFO [users-ws,,,] 21483 --- [restartedMain] o.s.a.r.c.CachingConnectionFactory       : Attempting to connect to: [localhost:5672]
2020-12-28 15:03:52.135  INFO [users-ws,,,] 21483 --- [restartedMain] o.s.a.r.c.CachingConnectionFactory       : Created new connection: rabbitConnectionFactory#29348062:0/SimpleConnection@1b60c364 [delegate=amqp://guest@127.0.0.1:5672/, localPort= 59454]
2020-12-28 15:03:52.161  INFO [users-ws,,,] 21483 --- [restartedMain] o.s.c.s.m.DirectWithAttributesChannel    : Channel 'application-1.springCloudBusOutput' has 1 subscriber(s).
2020-12-28 15:03:52.167  INFO [users-ws,,,] 21483 --- [restartedMain] o.s.c.s.binder.DefaultBinderFactory      : Retrieving cached binder: rabbit
2020-12-28 15:03:52.220  INFO [users-ws,,,] 21483 --- [restartedMain] c.s.b.r.p.RabbitExchangeQueueProvisioner : declaring queue for inbound: springCloudBus.anonymous.dfv38F4nT6Cmn9ypIBKujQ, bound to: springCloudBus
2020-12-28 15:03:52.234  INFO [users-ws,,,] 21483 --- [restartedMain] o.s.c.stream.binder.BinderErrorChannel   : Channel 'springCloudBus.anonymous.dfv38F4nT6Cmn9ypIBKujQ.errors' has 1 subscriber(s).
2020-12-28 15:03:52.235  INFO [users-ws,,,] 21483 --- [restartedMain] o.s.c.stream.binder.BinderErrorChannel   : Channel 'springCloudBus.anonymous.dfv38F4nT6Cmn9ypIBKujQ.errors' has 2 subscriber(s).
2020-12-28 15:03:52.247  INFO [users-ws,,,] 21483 --- [restartedMain] o.s.i.a.i.AmqpInboundChannelAdapter      : started bean 'inbound.springCloudBus.anonymous.dfv38F4nT6Cmn9ypIBKujQ'
2020-12-28 15:03:52.259  INFO [users-ws,,,] 21483 --- [restartedMain] o.s.b.w.embedded.tomcat.TomcatWebServer  : Tomcat started on port(s): 42215 (http) with context path ''
2020-12-28 15:03:52.260  INFO [users-ws,,,] 21483 --- [restartedMain] .s.c.n.e.s.EurekaAutoServiceRegistration : Updating port to 42215
2020-12-28 15:03:52.263  INFO [users-ws,,,] 21483 --- [restartedMain] o.s.c.n.eureka.InstanceInfoFactory       : Setting initial instance status as: STARTING
2020-12-28 15:03:52.286  INFO [users-ws,,,] 21483 --- [restartedMain] com.netflix.discovery.DiscoveryClient    : Initializing Eureka in region us-east-1
2020-12-28 15:03:52.323  INFO [users-ws,,,] 21483 --- [restartedMain] c.n.d.provider.DiscoveryJerseyProvider   : Using JSON encoding codec LegacyJacksonJson
2020-12-28 15:03:52.324  INFO [users-ws,,,] 21483 --- [restartedMain] c.n.d.provider.DiscoveryJerseyProvider   : Using JSON decoding codec LegacyJacksonJson
2020-12-28 15:03:52.390  INFO [users-ws,,,] 21483 --- [restartedMain] c.n.d.provider.DiscoveryJerseyProvider   : Using XML encoding codec XStreamXml
2020-12-28 15:03:52.390  INFO [users-ws,,,] 21483 --- [restartedMain] c.n.d.provider.DiscoveryJerseyProvider   : Using XML decoding codec XStreamXml
2020-12-28 15:03:52.514  INFO [users-ws,,,] 21483 --- [restartedMain] c.n.d.s.r.aws.ConfigClusterResolver      : Resolving eureka endpoints via configuration
2020-12-28 15:03:52.525  INFO [users-ws,,,] 21483 --- [restartedMain] com.netflix.discovery.DiscoveryClient    : Disable delta property : false
2020-12-28 15:03:52.525  INFO [users-ws,,,] 21483 --- [restartedMain] com.netflix.discovery.DiscoveryClient    : Single vip registry refresh property : null
2020-12-28 15:03:52.525  INFO [users-ws,,,] 21483 --- [restartedMain] com.netflix.discovery.DiscoveryClient    : Force full registry fetch : false
2020-12-28 15:03:52.525  INFO [users-ws,,,] 21483 --- [restartedMain] com.netflix.discovery.DiscoveryClient    : Application is null : false
2020-12-28 15:03:52.525  INFO [users-ws,,,] 21483 --- [restartedMain] com.netflix.discovery.DiscoveryClient    : Registered Applications size is zero : true
2020-12-28 15:03:52.525  INFO [users-ws,,,] 21483 --- [restartedMain] com.netflix.discovery.DiscoveryClient    : Application version is -1: true
2020-12-28 15:03:52.525  INFO [users-ws,,,] 21483 --- [restartedMain] com.netflix.discovery.DiscoveryClient    : Getting all instance registry info from the eureka server
2020-12-28 15:03:52.586  INFO [users-ws,,,] 21483 --- [restartedMain] com.netflix.discovery.DiscoveryClient    : The response status is 200
2020-12-28 15:03:52.588  INFO [users-ws,,,] 21483 --- [restartedMain] com.netflix.discovery.DiscoveryClient    : Starting heartbeat executor: renew interval is: 30
2020-12-28 15:03:52.590  INFO [users-ws,,,] 21483 --- [restartedMain] c.n.discovery.InstanceInfoReplicator     : InstanceInfoReplicator onDemand update allowed rate per min is 4
2020-12-28 15:03:52.593  INFO [users-ws,,,] 21483 --- [restartedMain] com.netflix.discovery.DiscoveryClient    : Discovery Client initialized at timestamp 1609139032592 with initial instances count: 2
2020-12-28 15:03:52.602  INFO [users-ws,,,] 21483 --- [restartedMain] o.s.c.n.e.s.EurekaServiceRegistry        : Registering application USERS-WS with eureka with status UP
2020-12-28 15:03:52.603  INFO [users-ws,,,] 21483 --- [restartedMain] com.netflix.discovery.DiscoveryClient    : Saw local status change event StatusChangeEvent [timestamp=1609139032603, current=UP, previous=STARTING]
2020-12-28 15:03:52.604  INFO [users-ws,,,] 21483 --- [DiscoveryClient-InstanceInfoReplicator-0] com.netflix.discovery.DiscoveryClient    : DiscoveryClient_USERS-WS/users-ws:9cb861e17f39459ad63fdaa244b8d355: registering service...
2020-12-28 15:03:52.626  INFO [users-ws,,,] 21483 --- [DiscoveryClient-InstanceInfoReplicator-0] com.netflix.discovery.DiscoveryClient    : DiscoveryClient_USERS-WS/users-ws:9cb861e17f39459ad63fdaa244b8d355 - registration status: 204
2020-12-28 15:03:52.717  INFO [users-ws,,,] 21483 --- [restartedMain] o.s.i.monitor.IntegrationMBeanExporter   : Registering MessageChannel springCloudBus.anonymous.dfv38F4nT6Cmn9ypIBKujQ.errors
2020-12-28 15:03:52.799  INFO [users-ws,,,] 21483 --- [restartedMain] c.a.p.a.u.PhotoAppApiUsersApplication    : Started PhotoAppApiUsersApplication in 11.843 seconds (JVM running for 12.611)
2020-12-28 15:03:53.304  INFO [users-ws,,,] 21483 --- [RMI TCP Connection(11)-127.0.0.1] o.a.c.c.C.[Tomcat].[localhost].[/]       : Initializing Spring DispatcherServlet 'dispatcherServlet'
2020-12-28 15:03:53.304  INFO [users-ws,,,] 21483 --- [RMI TCP Connection(11)-127.0.0.1] o.s.web.servlet.DispatcherServlet        : Initializing Servlet 'dispatcherServlet'
2020-12-28 15:03:53.314  INFO [users-ws,,,] 21483 --- [RMI TCP Connection(10)-127.0.0.1] c.c.c.ConfigServicePropertySourceLocator : Fetching config from server at : http://localhost:8012
2020-12-28 15:03:53.318  INFO [users-ws,,,] 21483 --- [RMI TCP Connection(11)-127.0.0.1] o.s.web.servlet.DispatcherServlet        : Completed initialization in 14 ms
2020-12-28 15:03:53.454  INFO [users-ws,,,] 21483 --- [RMI TCP Connection(10)-127.0.0.1] c.c.c.ConfigServicePropertySourceLocator : Located environment: name=users-ws, profiles=[default], label=null, version=null, state=null
